[2026-04-15T18:44:09.744+0000] {processor.py:161} INFO - Started process (PID=63) to work on /opt/airflow/dags/exampledag.py
[2026-04-15T18:44:09.754+0000] {processor.py:830} INFO - Processing file /opt/airflow/dags/exampledag.py for tasks to queue
[2026-04-15T18:44:09.770+0000] {logging_mixin.py:188} INFO - [2026-04-15T18:44:09.768+0000] {dagbag.py:545} INFO - Filling up the DagBag from /opt/airflow/dags/exampledag.py
[2026-04-15T18:44:09.832+0000] {logging_mixin.py:188} INFO - [2026-04-15T18:44:09.819+0000] {dagbag.py:355} ERROR - Failed to import: /opt/airflow/dags/exampledag.py
Traceback (most recent call last):
  File "/home/airflow/.local/lib/python3.12/site-packages/airflow/models/dagbag.py", line 351, in parse
    loader.exec_module(new_module)
  File "<frozen importlib._bootstrap_external>", line 995, in exec_module
  File "<frozen importlib._bootstrap>", line 488, in _call_with_frames_removed
  File "/opt/airflow/dags/exampledag.py", line 23, in <module>
    from airflow.sdk import Asset, dag, task
ModuleNotFoundError: No module named 'airflow.sdk'
[2026-04-15T18:44:09.836+0000] {processor.py:842} WARNING - No viable dags retrieved from /opt/airflow/dags/exampledag.py
[2026-04-15T18:44:10.061+0000] {processor.py:183} INFO - Processing /opt/airflow/dags/exampledag.py took 0.375 seconds
[2026-04-15T18:44:40.972+0000] {processor.py:161} INFO - Started process (PID=78) to work on /opt/airflow/dags/exampledag.py
[2026-04-15T18:44:40.978+0000] {processor.py:830} INFO - Processing file /opt/airflow/dags/exampledag.py for tasks to queue
[2026-04-15T18:44:40.985+0000] {logging_mixin.py:188} INFO - [2026-04-15T18:44:40.984+0000] {dagbag.py:545} INFO - Filling up the DagBag from /opt/airflow/dags/exampledag.py
[2026-04-15T18:44:41.079+0000] {logging_mixin.py:188} INFO - [2026-04-15T18:44:41.057+0000] {dagbag.py:355} ERROR - Failed to import: /opt/airflow/dags/exampledag.py
Traceback (most recent call last):
  File "/home/airflow/.local/lib/python3.12/site-packages/airflow/models/dagbag.py", line 351, in parse
    loader.exec_module(new_module)
  File "<frozen importlib._bootstrap_external>", line 995, in exec_module
  File "<frozen importlib._bootstrap>", line 488, in _call_with_frames_removed
  File "/opt/airflow/dags/exampledag.py", line 23, in <module>
    from airflow.sdk import Asset, dag, task
ModuleNotFoundError: No module named 'airflow.sdk'
[2026-04-15T18:44:41.092+0000] {processor.py:842} WARNING - No viable dags retrieved from /opt/airflow/dags/exampledag.py
[2026-04-15T18:44:41.185+0000] {processor.py:183} INFO - Processing /opt/airflow/dags/exampledag.py took 0.237 seconds
